# JRE version: OpenJDK Runtime Environment GraalVM CE 22.3.0 (17.0.5+8) (build 17.0.5+8-jvmci-22.3-b08)
# Java VM: OpenJDK 64-Bit Server VM GraalVM CE 22.3.0 (17.0.5+8-jvmci-22.3-b08, mixed mode, sharing, tiered, jvmci, jvmci compiler, compressed oops, compressed class ptrs, parallel gc, linux-amd64)
GC Precious Log:
 CPUs: 8 total, 1 available
 Memory: 1024M
 Large Page Support: Disabled
 NUMA Support: Disabled
 Compressed Oops: Enabled (32-bit)
 Alignments: Space 512K, Generation 512K, Heap 2M
 Heap Min Capacity: 100M
 Heap Initial Capacity: 100M
 Heap Max Capacity: 512M
 Pre-touch: Disabled
 Parallel Workers: 1
Heap:
 PSYoungGen      total 55808K, used 1533K [0x00000000f5580000, 0x00000000fa180000, 0x0000000100000000)
  eden space 37888K, 4% used [0x00000000f5580000,0x00000000f56ff698,0x00000000f7a80000)
  from space 17920K, 0% used [0x00000000f9000000,0x00000000f9000000,0x00000000fa180000)
  to   space 19968K, 0% used [0x00000000f7a80000,0x00000000f7a80000,0x00000000f8e00000)
 ParOldGen       total 349696K, used 342644K [0x00000000e0000000, 0x00000000f5580000, 0x00000000f5580000)
  object space 349696K, 97% used [0x00000000e0000000,0x00000000f4e9d120,0x00000000f5580000)
 Metaspace       used 54900K, committed 56000K, reserved 1105920K
  class space    used 5472K, committed 5952K, reserved 1048576K
GC Heap History (20 events):
Event: 249.900 GC heap before
{Heap before GC invocations=207 (full 128):
 PSYoungGen      total 53760K, used 35839K [0x00000000f5580000, 0x00000000fa180000, 0x0000000100000000)
  eden space 35840K, 99% used [0x00000000f5580000,0x00000000f787fff8,0x00000000f7880000)
  from space 17920K, 0% used [0x00000000f9000000,0x00000000f9000000,0x00000000fa180000)
  to   space 14336K, 0% used [0x00000000f7880000,0x00000000f7880000,0x00000000f8680000)
 ParOldGen       total 349696K, used 349694K [0x00000000e0000000, 0x00000000f5580000, 0x00000000f5580000)
  object space 349696K, 99% used [0x00000000e0000000,0x00000000f557fbd8,0x00000000f5580000)
 Metaspace       used 54748K, committed 55936K, reserved 1105920K
  class space    used 5467K, committed 5952K, reserved 1048576K
}
Event: 251.308 GC heap after
{Heap after GC invocations=207 (full 128):
 PSYoungGen      total 50176K, used 35839K [0x00000000f5580000, 0x00000000fa180000, 0x0000000100000000)
  eden space 35840K, 99% used [0x00000000f5580000,0x00000000f787ffc0,0x00000000f7880000)
  from space 14336K, 0% used [0x00000000f7880000,0x00000000f7880000,0x00000000f8680000)
  to   space 17920K, 0% used [0x00000000f9000000,0x00000000f9000000,0x00000000fa180000)
 ParOldGen       total 349696K, used 349694K [0x00000000e0000000, 0x00000000f5580000, 0x00000000f5580000)
  object space 349696K, 99% used [0x00000000e0000000,0x00000000f557fbd8,0x00000000f5580000)
 Metaspace       used 54748K, committed 55936K, reserved 1105920K
  class space    used 5467K, committed 5952K, reserved 1048576K
}
Event: 251.309 GC heap before
{Heap before GC invocations=208 (full 129):
 PSYoungGen      total 50176K, used 35839K [0x00000000f5580000, 0x00000000fa180000, 0x0000000100000000)
  eden space 35840K, 99% used [0x00000000f5580000,0x00000000f787fff0,0x00000000f7880000)
  from space 14336K, 0% used [0x00000000f7880000,0x00000000f7880000,0x00000000f8680000)
  to   space 17920K, 0% used [0x00000000f9000000,0x00000000f9000000,0x00000000fa180000)
 ParOldGen       total 349696K, used 349694K [0x00000000e0000000, 0x00000000f5580000, 0x00000000f5580000)
  object space 349696K, 99% used [0x00000000e0000000,0x00000000f557fbd8,0x00000000f5580000)
 Metaspace       used 54748K, committed 55936K, reserved 1105920K
  class space    used 5467K, committed 5952K, reserved 1048576K
}
Event: 252.903 GC heap after
{Heap after GC invocations=208 (full 129):
 PSYoungGen      total 53760K, used 35839K [0x00000000f5580000, 0x00000000fa180000, 0x0000000100000000)
  eden space 35840K, 99% used [0x00000000f5580000,0x00000000f787ffd8,0x00000000f7880000)
  from space 17920K, 0% used [0x00000000f9000000,0x00000000f9000000,0x00000000fa180000)
  to   space 14336K, 0% used [0x00000000f7880000,0x00000000f7880000,0x00000000f8680000)
 ParOldGen       total 349696K, used 349694K [0x00000000e0000000, 0x00000000f5580000, 0x00000000f5580000)
  object space 349696K, 99% used [0x00000000e0000000,0x00000000f557fbd8,0x00000000f5580000)
 Metaspace       used 54748K, committed 55936K, reserved 1105920K
  class space    used 5467K, committed 5952K, reserved 1048576K
}
Event: 252.908 GC heap before
{Heap before GC invocations=209 (full 130):
 PSYoungGen      total 53760K, used 35839K [0x00000000f5580000, 0x00000000fa180000, 0x0000000100000000)
  eden space 35840K, 99% used [0x00000000f5580000,0x00000000f787fff0,0x00000000f7880000)
  from space 17920K, 0% used [0x00000000f9000000,0x00000000f9000000,0x00000000fa180000)
  to   space 14336K, 0% used [0x00000000f7880000,0x00000000f7880000,0x00000000f8680000)
 ParOldGen       total 349696K, used 349694K [0x00000000e0000000, 0x00000000f5580000, 0x00000000f5580000)
  object space 349696K, 99% used [0x00000000e0000000,0x00000000f557fbd8,0x00000000f5580000)
 Metaspace       used 54748K, committed 55936K, reserved 1105920K
  class space    used 5467K, committed 5952K, reserved 1048576K
}
Event: 254.518 GC heap after
{Heap after GC invocations=209 (full 130):
 PSYoungGen      total 50176K, used 35839K [0x00000000f5580000, 0x00000000fa180000, 0x0000000100000000)
  eden space 35840K, 99% used [0x00000000f5580000,0x00000000f787fff0,0x00000000f7880000)
  from space 14336K, 0% used [0x00000000f7880000,0x00000000f7880000,0x00000000f8680000)
  to   space 17920K, 0% used [0x00000000f9000000,0x00000000f9000000,0x00000000fa180000)
 ParOldGen       total 349696K, used 349694K [0x00000000e0000000, 0x00000000f5580000, 0x00000000f5580000)
  object space 349696K, 99% used [0x00000000e0000000,0x00000000f557fbd8,0x00000000f5580000)
 Metaspace       used 54748K, committed 55936K, reserved 1105920K
  class space    used 5467K, committed 5952K, reserved 1048576K
}
Event: 254.520 GC heap before
{Heap before GC invocations=210 (full 131):
 PSYoungGen      total 50176K, used 35839K [0x00000000f5580000, 0x00000000fa180000, 0x0000000100000000)
  eden space 35840K, 99% used [0x00000000f5580000,0x00000000f787fff0,0x00000000f7880000)
  from space 14336K, 0% used [0x00000000f7880000,0x00000000f7880000,0x00000000f8680000)
  to   space 17920K, 0% used [0x00000000f9000000,0x00000000f9000000,0x00000000fa180000)
 ParOldGen       total 349696K, used 349695K [0x00000000e0000000, 0x00000000f5580000, 0x00000000f5580000)
  object space 349696K, 99% used [0x00000000e0000000,0x00000000f557fff8,0x00000000f5580000)
 Metaspace       used 54748K, committed 55936K, reserved 1105920K
  class space    used 5467K, committed 5952K, reserved 1048576K
}
Event: 256.400 GC heap after
{Heap after GC invocations=210 (full 131):
 PSYoungGen      total 53760K, used 35839K [0x00000000f5580000, 0x00000000fa180000, 0x0000000100000000)
  eden space 35840K, 99% used [0x00000000f5580000,0x00000000f787ffa8,0x00000000f7880000)
  from space 17920K, 0% used [0x00000000f9000000,0x00000000f9000000,0x00000000fa180000)
  to   space 14336K, 0% used [0x00000000f7880000,0x00000000f7880000,0x00000000f8680000)
 ParOldGen       total 349696K, used 349695K [0x00000000e0000000, 0x00000000f5580000, 0x00000000f5580000)
  object space 349696K, 99% used [0x00000000e0000000,0x00000000f557fff8,0x00000000f5580000)
 Metaspace       used 54748K, committed 55936K, reserved 1105920K
  class space    used 5467K, committed 5952K, reserved 1048576K
}
Event: 256.401 GC heap before
{Heap before GC invocations=211 (full 132):
 PSYoungGen      total 53760K, used 35839K [0x00000000f5580000, 0x00000000fa180000, 0x0000000100000000)
  eden space 35840K, 99% used [0x00000000f5580000,0x00000000f787fff0,0x00000000f7880000)
  from space 17920K, 0% used [0x00000000f9000000,0x00000000f9000000,0x00000000fa180000)
  to   space 14336K, 0% used [0x00000000f7880000,0x00000000f7880000,0x00000000f8680000)
 ParOldGen       total 349696K, used 349695K [0x00000000e0000000, 0x00000000f5580000, 0x00000000f5580000)
  object space 349696K, 99% used [0x00000000e0000000,0x00000000f557fff8,0x00000000f5580000)
 Metaspace       used 54748K, committed 55936K, reserved 1105920K
  class space    used 5467K, committed 5952K, reserved 1048576K
}
Event: 257.917 GC heap after
{Heap after GC invocations=211 (full 132):
 PSYoungGen      total 50176K, used 35839K [0x00000000f5580000, 0x00000000fa180000, 0x0000000100000000)
  eden space 35840K, 99% used [0x00000000f5580000,0x00000000f787fff0,0x00000000f7880000)
  from space 14336K, 0% used [0x00000000f7880000,0x00000000f7880000,0x00000000f8680000)
  to   space 17920K, 0% used [0x00000000f9000000,0x00000000f9000000,0x00000000fa180000)
 ParOldGen       total 349696K, used 349695K [0x00000000e0000000, 0x00000000f5580000, 0x00000000f5580000)
  object space 349696K, 99% used [0x00000000e0000000,0x00000000f557fff8,0x00000000f5580000)
 Metaspace       used 54748K, committed 55936K, reserved 1105920K
  class space    used 5467K, committed 5952K, reserved 1048576K
}
Event: 257.917 GC heap before
{Heap before GC invocations=212 (full 133):
 PSYoungGen      total 50176K, used 35839K [0x00000000f5580000, 0x00000000fa180000, 0x0000000100000000)
  eden space 35840K, 99% used [0x00000000f5580000,0x00000000f787fff0,0x00000000f7880000)
  from space 14336K, 0% used [0x00000000f7880000,0x00000000f7880000,0x00000000f8680000)
  to   space 17920K, 0% used [0x00000000f9000000,0x00000000f9000000,0x00000000fa180000)
 ParOldGen       total 349696K, used 349695K [0x00000000e0000000, 0x00000000f5580000, 0x00000000f5580000)
  object space 349696K, 99% used [0x00000000e0000000,0x00000000f557fff8,0x00000000f5580000)
 Metaspace       used 54748K, committed 55936K, reserved 1105920K
  class space    used 5467K, committed 5952K, reserved 1048576K
}
Event: 259.594 GC heap after
{Heap after GC invocations=212 (full 133):
 PSYoungGen      total 53760K, used 35839K [0x00000000f5580000, 0x00000000fa180000, 0x0000000100000000)
  eden space 35840K, 99% used [0x00000000f5580000,0x00000000f787fff0,0x00000000f7880000)
  from space 17920K, 0% used [0x00000000f9000000,0x00000000f9000000,0x00000000fa180000)
  to   space 14336K, 0% used [0x00000000f7880000,0x00000000f7880000,0x00000000f8680000)
 ParOldGen       total 349696K, used 349695K [0x00000000e0000000, 0x00000000f5580000, 0x00000000f5580000)
  object space 349696K, 99% used [0x00000000e0000000,0x00000000f557fff8,0x00000000f5580000)
 Metaspace       used 54748K, committed 55936K, reserved 1105920K
  class space    used 5467K, committed 5952K, reserved 1048576K
}
Event: 259.595 GC heap before
{Heap before GC invocations=213 (full 134):
 PSYoungGen      total 53760K, used 35839K [0x00000000f5580000, 0x00000000fa180000, 0x0000000100000000)
  eden space 35840K, 99% used [0x00000000f5580000,0x00000000f787fff0,0x00000000f7880000)
  from space 17920K, 0% used [0x00000000f9000000,0x00000000f9000000,0x00000000fa180000)
  to   space 14336K, 0% used [0x00000000f7880000,0x00000000f7880000,0x00000000f8680000)
 ParOldGen       total 349696K, used 349695K [0x00000000e0000000, 0x00000000f5580000, 0x00000000f5580000)
  object space 349696K, 99% used [0x00000000e0000000,0x00000000f557fff8,0x00000000f5580000)
 Metaspace       used 54748K, committed 55936K, reserved 1105920K
  class space    used 5467K, committed 5952K, reserved 1048576K
}
Event: 260.918 GC heap after
{Heap after GC invocations=213 (full 134):
 PSYoungGen      total 50176K, used 35839K [0x00000000f5580000, 0x00000000fa180000, 0x0000000100000000)
  eden space 35840K, 99% used [0x00000000f5580000,0x00000000f787fff0,0x00000000f7880000)
  from space 14336K, 0% used [0x00000000f7880000,0x00000000f7880000,0x00000000f8680000)
  to   space 17920K, 0% used [0x00000000f9000000,0x00000000f9000000,0x00000000fa180000)
 ParOldGen       total 349696K, used 349695K [0x00000000e0000000, 0x00000000f5580000, 0x00000000f5580000)
  object space 349696K, 99% used [0x00000000e0000000,0x00000000f557ffd8,0x00000000f5580000)
 Metaspace       used 54748K, committed 55936K, reserved 1105920K
  class space    used 5467K, committed 5952K, reserved 1048576K
}
Event: 260.918 GC heap before
{Heap before GC invocations=214 (full 135):
 PSYoungGen      total 50176K, used 35839K [0x00000000f5580000, 0x00000000fa180000, 0x0000000100000000)
  eden space 35840K, 99% used [0x00000000f5580000,0x00000000f787fff0,0x00000000f7880000)
  from space 14336K, 0% used [0x00000000f7880000,0x00000000f7880000,0x00000000f8680000)
  to   space 17920K, 0% used [0x00000000f9000000,0x00000000f9000000,0x00000000fa180000)
 ParOldGen       total 349696K, used 349695K [0x00000000e0000000, 0x00000000f5580000, 0x00000000f5580000)
  object space 349696K, 99% used [0x00000000e0000000,0x00000000f557fff8,0x00000000f5580000)
 Metaspace       used 54748K, committed 55936K, reserved 1105920K
  class space    used 5467K, committed 5952K, reserved 1048576K
}
Event: 262.425 GC heap after
{Heap after GC invocations=214 (full 135):
 PSYoungGen      total 53760K, used 35839K [0x00000000f5580000, 0x00000000fa180000, 0x0000000100000000)
  eden space 35840K, 99% used [0x00000000f5580000,0x00000000f787fff0,0x00000000f7880000)
  from space 17920K, 0% used [0x00000000f9000000,0x00000000f9000000,0x00000000fa180000)
  to   space 14336K, 0% used [0x00000000f7880000,0x00000000f7880000,0x00000000f8680000)
 ParOldGen       total 349696K, used 349695K [0x00000000e0000000, 0x00000000f5580000, 0x00000000f5580000)
  object space 349696K, 99% used [0x00000000e0000000,0x00000000f557fff8,0x00000000f5580000)
 Metaspace       used 54748K, committed 55936K, reserved 1105920K
  class space    used 5467K, committed 5952K, reserved 1048576K
}
Event: 262.425 GC heap before
{Heap before GC invocations=215 (full 136):
 PSYoungGen      total 53760K, used 35839K [0x00000000f5580000, 0x00000000fa180000, 0x0000000100000000)
  eden space 35840K, 99% used [0x00000000f5580000,0x00000000f787fff0,0x00000000f7880000)
  from space 17920K, 0% used [0x00000000f9000000,0x00000000f9000000,0x00000000fa180000)
  to   space 14336K, 0% used [0x00000000f7880000,0x00000000f7880000,0x00000000f8680000)
 ParOldGen       total 349696K, used 349695K [0x00000000e0000000, 0x00000000f5580000, 0x00000000f5580000)
  object space 349696K, 99% used [0x00000000e0000000,0x00000000f557fff8,0x00000000f5580000)
 Metaspace       used 54748K, committed 55936K, reserved 1105920K
  class space    used 5467K, committed 5952K, reserved 1048576K
}
Event: 264.008 GC heap after
{Heap after GC invocations=215 (full 136):
 PSYoungGen      total 50176K, used 35839K [0x00000000f5580000, 0x00000000fa180000, 0x0000000100000000)
  eden space 35840K, 99% used [0x00000000f5580000,0x00000000f787fff0,0x00000000f7880000)
  from space 14336K, 0% used [0x00000000f7880000,0x00000000f7880000,0x00000000f8680000)
  to   space 17920K, 0% used [0x00000000f9000000,0x00000000f9000000,0x00000000fa180000)
 ParOldGen       total 349696K, used 349695K [0x00000000e0000000, 0x00000000f5580000, 0x00000000f5580000)
  object space 349696K, 99% used [0x00000000e0000000,0x00000000f557fff8,0x00000000f5580000)
 Metaspace       used 54748K, committed 55936K, reserved 1105920K
  class space    used 5467K, committed 5952K, reserved 1048576K
}
Event: 264.013 GC heap before
{Heap before GC invocations=216 (full 137):
 PSYoungGen      total 50176K, used 35840K [0x00000000f5580000, 0x00000000fa180000, 0x0000000100000000)
  eden space 35840K, 100% used [0x00000000f5580000,0x00000000f7880000,0x00000000f7880000)
  from space 14336K, 0% used [0x00000000f7880000,0x00000000f7880000,0x00000000f8680000)
  to   space 17920K, 0% used [0x00000000f9000000,0x00000000f9000000,0x00000000fa180000)
 ParOldGen       total 349696K, used 349695K [0x00000000e0000000, 0x00000000f5580000, 0x00000000f5580000)
  object space 349696K, 99% used [0x00000000e0000000,0x00000000f557fff8,0x00000000f5580000)
 Metaspace       used 54748K, committed 55936K, reserved 1105920K
  class space    used 5467K, committed 5952K, reserved 1048576K
}
Event: 265.316 GC heap after
{Heap after GC invocations=216 (full 137):
 PSYoungGen      total 55808K, used 0K [0x00000000f5580000, 0x00000000fa180000, 0x0000000100000000)
  eden space 37888K, 0% used [0x00000000f5580000,0x00000000f5580000,0x00000000f7a80000)
  from space 17920K, 0% used [0x00000000f9000000,0x00000000f9000000,0x00000000fa180000)
  to   space 19968K, 0% used [0x00000000f7a80000,0x00000000f7a80000,0x00000000f8e00000)
 ParOldGen       total 349696K, used 342644K [0x00000000e0000000, 0x00000000f5580000, 0x00000000f5580000)
  object space 349696K, 97% used [0x00000000e0000000,0x00000000f4e9d120,0x00000000f5580000)
 Metaspace       used 54748K, committed 55936K, reserved 1105920K
  class space    used 5467K, committed 5952K, reserved 1048576K
}

